<?xml version="1.0" encoding="UTF-8"?>
<!-- Generated by org.testng.reporters.JUnitXMLReporter -->
<testsuite ignored="0" hostname="Naumans-Air.home" failures="0" tests="5" name="Loan" time="0.068" errors="0" timestamp="05 Oct 2019 00:51:50 GMT">
  <testcase classname="Test.DemotestClass2" name="test4" time="0.009"/>
  <testcase classname="Test.DemoTestClass" name="test1" time="0.005"/>
  <testcase classname="Test.DemoTestClass" name="test2" time="0.007"/>
  <testcase classname="Test.DemoTestClass" name="test3" time="0.001"/>
  <testcase classname="Test.DemoTestClass3" name="test5" time="0.004"/>
</testsuite> <!-- Loan -->
