<?xml version="1.0" encoding="UTF-8"?>
<!-- Generated by org.testng.reporters.JUnitXMLReporter -->
<testsuite ignored="5" hostname="Naumans-Air.home" failures="0" tests="2" name="Car Loan" time="0.011" errors="0" timestamp="07 Oct 2019 20:23:41 GMT">
  <testcase classname="Test.DemoTestClass4" name="CarLoanAPILogin" time="0.001"/>
  <testcase classname="Test.DemoTestClass4" name="CarLoanWebLogin" time="0.001"/>
  <testcase classname="Test.DemoTestClass4" name="MobileCarLoanLogin1" time="0.0">
    <ignored/>
  </testcase> <!-- MobileCarLoanLogin1 -->
  <testcase classname="Test.DemoTestClass4" name="MobileCarLoanLogin2" time="0.0">
    <ignored/>
  </testcase> <!-- MobileCarLoanLogin2 -->
  <testcase classname="Test.DemoTestClass4" name="MobileCarLoanLogin5" time="0.0">
    <ignored/>
  </testcase> <!-- MobileCarLoanLogin5 -->
  <testcase classname="Test.DemoTestClass4" name="MobileCarLoanLogin3" time="0.0">
    <ignored/>
  </testcase> <!-- MobileCarLoanLogin3 -->
  <testcase classname="Test.DemoTestClass4" name="MobileCarLoanLogin4" time="0.0">
    <ignored/>
  </testcase> <!-- MobileCarLoanLogin4 -->
</testsuite> <!-- Car Loan -->
