<?xml version="1.0" encoding="UTF-8"?>
<!-- Generated by org.testng.reporters.JUnitXMLReporter -->
<testsuite ignored="0" hostname="Naumans-Air.home" failures="0" tests="3" name="Home Loan" time="0.013" errors="0" timestamp="07 Oct 2019 20:23:41 GMT">
  <testcase classname="Test.DemoTestClass3" name="HomeLoanAPILogin" time="0.001"/>
  <testcase classname="Test.DemoTestClass3" name="HomeLoanMobileLogin" time="0.002"/>
  <testcase classname="Test.DemoTestClass3" name="HomeLoanWebLogin" time="0.001"/>
</testsuite> <!-- Home Loan -->
