<?xml version="1.0" encoding="UTF-8"?>
<testng-results ignored="0" total="1" passed="1" failed="0" skipped="0">
  <reporter-output>
  </reporter-output>
  <suite started-at="2019-10-04T00:59:37Z" name="Default suite" finished-at="2019-10-04T00:59:37Z" duration-ms="42">
    <groups>
    </groups>
    <test started-at="2019-10-04T00:59:37Z" name="Default test" finished-at="2019-10-04T00:59:37Z" duration-ms="42">
      <class name="arrayListExample">
        <test-method signature="love()[pri:0, instance:arrayListExample@7d20d0b]" started-at="2019-10-04T00:59:37Z" name="love" finished-at="2019-10-04T00:59:37Z" duration-ms="13" status="PASS">
          <reporter-output>
          </reporter-output>
        </test-method> <!-- love -->
      </class> <!-- arrayListExample -->
    </test> <!-- Default test -->
  </suite> <!-- Default suite -->
</testng-results>
